"../../Plugins/2D/Paper2D/Content/DefaultSpriteMaterial.uasset" 0
"../../Plugins/2D/Paper2D/Content/TranslucentUnlitSpriteMaterial.uasset" 1
"../../../../../../Users/Games/Documents/GitHub/design-masterclass-l6_dmc_02/Game/Racing Game/RacingGame/Content/2DSideScrollerBP/race_track.uasset" 2
"../../../../../../Users/Games/Documents/GitHub/design-masterclass-l6_dmc_02/Game/Racing Game/RacingGame/Content/2DSideScrollerBP/race_track_Sprite.uasset" 3
"../../../../../../Users/Games/Documents/GitHub/design-masterclass-l6_dmc_02/Game/Racing Game/RacingGame/Content/race_track_Sprite_Blueprint.uasset" 4
"../../../../../../Users/Games/Documents/GitHub/design-masterclass-l6_dmc_02/Game/Racing Game/RacingGame/Content/2DSideScrollerBP/1-1-02.uasset" 5
"../../../../../../Users/Games/Documents/GitHub/design-masterclass-l6_dmc_02/Game/Racing Game/RacingGame/Content/2DSideScrollerBP/2-1-01.uasset" 6
"../../../../../../Users/Games/Documents/GitHub/design-masterclass-l6_dmc_02/Game/Racing Game/RacingGame/Content/2DSideScrollerBP/2-1-03.uasset" 7
"../../../../../../Users/Games/Documents/GitHub/design-masterclass-l6_dmc_02/Game/Racing Game/RacingGame/Content/2DSideScrollerBP/3-1-02.uasset" 8
"../../../../../../Users/Games/Documents/GitHub/design-masterclass-l6_dmc_02/Game/Racing Game/RacingGame/Content/2DSideScrollerBP/End.uasset" 9
"../../../../../../Users/Games/Documents/GitHub/design-masterclass-l6_dmc_02/Game/Racing Game/RacingGame/Content/2DSideScrollerBP/happybday.uasset" 10
"../../../../../../Users/Games/Documents/GitHub/design-masterclass-l6_dmc_02/Game/Racing Game/RacingGame/Content/2DSideScrollerBP/Pig-01.uasset" 11
"../../../../../../Users/Games/Documents/GitHub/design-masterclass-l6_dmc_02/Game/Racing Game/RacingGame/Content/2DSideScrollerBP/Pig-01_Sprite_0.uasset" 12
"../../../../../../Users/Games/Documents/GitHub/design-masterclass-l6_dmc_02/Game/Racing Game/RacingGame/Content/2DSideScrollerBP/race_track-02-01.uasset" 13
"../../../../../../Users/Games/Documents/GitHub/design-masterclass-l6_dmc_02/Game/Racing Game/RacingGame/Content/2DSideScrollerBP/race_track-02-01_Sprite.uasset" 14
"../../../../../../Users/Games/Documents/GitHub/design-masterclass-l6_dmc_02/Game/Racing Game/RacingGame/Content/2DSideScrollerBP/race_track-03-01.uasset" 15
"../../../../../../Users/Games/Documents/GitHub/design-masterclass-l6_dmc_02/Game/Racing Game/RacingGame/Content/2DSideScrollerBP/race_track-03-01_Sprite.uasset" 16
"../../../../../../Users/Games/Documents/GitHub/design-masterclass-l6_dmc_02/Game/Racing Game/RacingGame/Content/2DSideScrollerBP/race_track-04-01.uasset" 17
"../../../../../../Users/Games/Documents/GitHub/design-masterclass-l6_dmc_02/Game/Racing Game/RacingGame/Content/2DSideScrollerBP/race_track-04-01_Sprite.uasset" 18
"../../../../../../Users/Games/Documents/GitHub/design-masterclass-l6_dmc_02/Game/Racing Game/RacingGame/Content/2DSideScrollerBP/Slection_Screen.uasset" 19
"../../../../../../Users/Games/Documents/GitHub/design-masterclass-l6_dmc_02/Game/Racing Game/RacingGame/Content/2DSideScrollerBP/wrong.uasset" 20
"../../../../../../Users/Games/Documents/GitHub/design-masterclass-l6_dmc_02/Game/Racing Game/RacingGame/Content/2DSideScrollerBP/Tractor/Red0001.uasset" 21
"../../../../../../Users/Games/Documents/GitHub/design-masterclass-l6_dmc_02/Game/Racing Game/RacingGame/Content/2DSideScrollerBP/Tractor/Red0001_Sprite_0.uasset" 22
"../../../../../../Users/Games/Documents/GitHub/design-masterclass-l6_dmc_02/Game/Racing Game/RacingGame/Content/2DSideScrollerBP/Tractor/Red0002.uasset" 23
"../../../../../../Users/Games/Documents/GitHub/design-masterclass-l6_dmc_02/Game/Racing Game/RacingGame/Content/2DSideScrollerBP/Tractor/Red0002_Sprite_0.uasset" 24
"../../../../../../Users/Games/Documents/GitHub/design-masterclass-l6_dmc_02/Game/Racing Game/RacingGame/Content/2DSideScrollerBP/Tractor/Red0003.uasset" 25
"../../../../../../Users/Games/Documents/GitHub/design-masterclass-l6_dmc_02/Game/Racing Game/RacingGame/Content/2DSideScrollerBP/Tractor/Red0003_Sprite_0.uasset" 26
"../../../../../../Users/Games/Documents/GitHub/design-masterclass-l6_dmc_02/Game/Racing Game/RacingGame/Content/2DSideScrollerBP/Tractor/Red0004.uasset" 27
"../../../../../../Users/Games/Documents/GitHub/design-masterclass-l6_dmc_02/Game/Racing Game/RacingGame/Content/2DSideScrollerBP/Tractor/Red0004_Sprite_0.uasset" 28
"../../../../../../Users/Games/Documents/GitHub/design-masterclass-l6_dmc_02/Game/Racing Game/RacingGame/Content/2DSideScrollerBP/Tractor/Red0005.uasset" 29
"../../../../../../Users/Games/Documents/GitHub/design-masterclass-l6_dmc_02/Game/Racing Game/RacingGame/Content/2DSideScrollerBP/Tractor/Red0005_Sprite_0.uasset" 30
"../../../../../../Users/Games/Documents/GitHub/design-masterclass-l6_dmc_02/Game/Racing Game/RacingGame/Content/2DSideScrollerBP/Tractor/Red0006.uasset" 31
"../../../../../../Users/Games/Documents/GitHub/design-masterclass-l6_dmc_02/Game/Racing Game/RacingGame/Content/2DSideScrollerBP/Tractor/Red0006_Sprite_0.uasset" 32
"../../../../../../Users/Games/Documents/GitHub/design-masterclass-l6_dmc_02/Game/Racing Game/RacingGame/Content/2DSideScrollerBP/Tractor/Red0007.uasset" 33
"../../../../../../Users/Games/Documents/GitHub/design-masterclass-l6_dmc_02/Game/Racing Game/RacingGame/Content/2DSideScrollerBP/Tractor/Red0007_Sprite_0.uasset" 34
"../../../../../../Users/Games/Documents/GitHub/design-masterclass-l6_dmc_02/Game/Racing Game/RacingGame/Content/2DSideScrollerBP/Tractor/Red0008.uasset" 35
"../../../../../../Users/Games/Documents/GitHub/design-masterclass-l6_dmc_02/Game/Racing Game/RacingGame/Content/2DSideScrollerBP/Tractor/Red0008_Sprite_0.uasset" 36
"../../../../../../Users/Games/Documents/GitHub/design-masterclass-l6_dmc_02/Game/Racing Game/RacingGame/Content/2DSideScrollerBP/Tractor/Red0009.uasset" 37
"../../../../../../Users/Games/Documents/GitHub/design-masterclass-l6_dmc_02/Game/Racing Game/RacingGame/Content/2DSideScrollerBP/Tractor/Red0009_Sprite_0.uasset" 38
"../../../../../../Users/Games/Documents/GitHub/design-masterclass-l6_dmc_02/Game/Racing Game/RacingGame/Content/2DSideScrollerBP/Tractor/Red0010.uasset" 39
"../../../../../../Users/Games/Documents/GitHub/design-masterclass-l6_dmc_02/Game/Racing Game/RacingGame/Content/2DSideScrollerBP/Tractor/Red0010_Sprite_0.uasset" 40
"../../../../../../Users/Games/Documents/GitHub/design-masterclass-l6_dmc_02/Game/Racing Game/RacingGame/Content/2DSideScrollerBP/Tractor/Red0011.uasset" 41
"../../../../../../Users/Games/Documents/GitHub/design-masterclass-l6_dmc_02/Game/Racing Game/RacingGame/Content/2DSideScrollerBP/Tractor/Red0011_Sprite_0.uasset" 42
"../../../../../../Users/Games/Documents/GitHub/design-masterclass-l6_dmc_02/Game/Racing Game/RacingGame/Content/2DSideScrollerBP/Tractor/Red0012.uasset" 43
"../../../../../../Users/Games/Documents/GitHub/design-masterclass-l6_dmc_02/Game/Racing Game/RacingGame/Content/2DSideScrollerBP/Tractor/Red0012_Sprite_0.uasset" 44
"../../../../../../Users/Games/Documents/GitHub/design-masterclass-l6_dmc_02/Game/Racing Game/RacingGame/Content/2DSideScrollerBP/Tractor/Red0013.uasset" 45
"../../../../../../Users/Games/Documents/GitHub/design-masterclass-l6_dmc_02/Game/Racing Game/RacingGame/Content/2DSideScrollerBP/Tractor/Red0013_Sprite_0.uasset" 46
"../../../../../../Users/Games/Documents/GitHub/design-masterclass-l6_dmc_02/Game/Racing Game/RacingGame/Content/2DSideScrollerBP/Tractor/Red0014.uasset" 47
"../../../../../../Users/Games/Documents/GitHub/design-masterclass-l6_dmc_02/Game/Racing Game/RacingGame/Content/2DSideScrollerBP/Tractor/Red0014_Sprite_0.uasset" 48
"../../../../../../Users/Games/Documents/GitHub/design-masterclass-l6_dmc_02/Game/Racing Game/RacingGame/Content/2DSideScrollerBP/Tractor/Red0015.uasset" 49
"../../../../../../Users/Games/Documents/GitHub/design-masterclass-l6_dmc_02/Game/Racing Game/RacingGame/Content/2DSideScrollerBP/Tractor/Red0015_Sprite_0.uasset" 50
"../../../../../../Users/Games/Documents/GitHub/design-masterclass-l6_dmc_02/Game/Racing Game/RacingGame/Content/2DSideScrollerBP/Tractor/Red0016.uasset" 51
"../../../../../../Users/Games/Documents/GitHub/design-masterclass-l6_dmc_02/Game/Racing Game/RacingGame/Content/2DSideScrollerBP/Tractor/Red0016_Sprite_0.uasset" 52
"../../../../../../Users/Games/Documents/GitHub/design-masterclass-l6_dmc_02/Game/Racing Game/RacingGame/Content/2DSideScrollerBP/Tractor/Red0017.uasset" 53
"../../../../../../Users/Games/Documents/GitHub/design-masterclass-l6_dmc_02/Game/Racing Game/RacingGame/Content/2DSideScrollerBP/Tractor/Red0017_Sprite_0.uasset" 54
"../../../../../../Users/Games/Documents/GitHub/design-masterclass-l6_dmc_02/Game/Racing Game/RacingGame/Content/2DSideScrollerBP/Tractor/Red0018.uasset" 55
"../../../../../../Users/Games/Documents/GitHub/design-masterclass-l6_dmc_02/Game/Racing Game/RacingGame/Content/2DSideScrollerBP/Tractor/Red0018_Sprite_0.uasset" 56
"../../../../../../Users/Games/Documents/GitHub/design-masterclass-l6_dmc_02/Game/Racing Game/RacingGame/Content/2DSideScrollerBP/Tractor/Red0019.uasset" 57
"../../../../../../Users/Games/Documents/GitHub/design-masterclass-l6_dmc_02/Game/Racing Game/RacingGame/Content/2DSideScrollerBP/Tractor/Red0019_Sprite_0.uasset" 58
"../../../../../../Users/Games/Documents/GitHub/design-masterclass-l6_dmc_02/Game/Racing Game/RacingGame/Content/2DSideScrollerBP/Tractor/Red0020.uasset" 59
"../../../../../../Users/Games/Documents/GitHub/design-masterclass-l6_dmc_02/Game/Racing Game/RacingGame/Content/2DSideScrollerBP/Tractor/Red0020_Sprite_0.uasset" 60
"../../../../../../Users/Games/Documents/GitHub/design-masterclass-l6_dmc_02/Game/Racing Game/RacingGame/Content/2DSideScrollerBP/Tractor/Red0021.uasset" 61
"../../../../../../Users/Games/Documents/GitHub/design-masterclass-l6_dmc_02/Game/Racing Game/RacingGame/Content/2DSideScrollerBP/Tractor/Red0021_Sprite_0.uasset" 62
"../../../../../../Users/Games/Documents/GitHub/design-masterclass-l6_dmc_02/Game/Racing Game/RacingGame/Content/2DSideScrollerBP/Tractor/Red0022.uasset" 63
"../../../../../../Users/Games/Documents/GitHub/design-masterclass-l6_dmc_02/Game/Racing Game/RacingGame/Content/2DSideScrollerBP/Tractor/Red0022_Sprite_0.uasset" 64
"../../../../../../Users/Games/Documents/GitHub/design-masterclass-l6_dmc_02/Game/Racing Game/RacingGame/Content/2DSideScrollerBP/Tractor/Red0023.uasset" 65
"../../../../../../Users/Games/Documents/GitHub/design-masterclass-l6_dmc_02/Game/Racing Game/RacingGame/Content/2DSideScrollerBP/Tractor/Red0023_Sprite_0.uasset" 66
"../../../../../../Users/Games/Documents/GitHub/design-masterclass-l6_dmc_02/Game/Racing Game/RacingGame/Content/2DSideScrollerBP/Tractor/Red0024.uasset" 67
"../../../../../../Users/Games/Documents/GitHub/design-masterclass-l6_dmc_02/Game/Racing Game/RacingGame/Content/2DSideScrollerBP/Tractor/Red0024_Sprite_0.uasset" 68
"../../../../../../Users/Games/Documents/GitHub/design-masterclass-l6_dmc_02/Game/Racing Game/RacingGame/Content/2DSideScrollerBP/Tractor/Red0025.uasset" 69
"../../../../../../Users/Games/Documents/GitHub/design-masterclass-l6_dmc_02/Game/Racing Game/RacingGame/Content/2DSideScrollerBP/Tractor/Red0025_Sprite_0.uasset" 70
"../../../../../../Users/Games/Documents/GitHub/design-masterclass-l6_dmc_02/Game/Racing Game/RacingGame/Content/2DSideScrollerBP/Tractor/Red0026.uasset" 71
"../../../../../../Users/Games/Documents/GitHub/design-masterclass-l6_dmc_02/Game/Racing Game/RacingGame/Content/2DSideScrollerBP/Tractor/Red0026_Sprite_0.uasset" 72
"../../../../../../Users/Games/Documents/GitHub/design-masterclass-l6_dmc_02/Game/Racing Game/RacingGame/Content/2DSideScrollerBP/Tractor/Red0027.uasset" 73
"../../../../../../Users/Games/Documents/GitHub/design-masterclass-l6_dmc_02/Game/Racing Game/RacingGame/Content/2DSideScrollerBP/Tractor/Red0027_Sprite_0.uasset" 74
"../../../../../../Users/Games/Documents/GitHub/design-masterclass-l6_dmc_02/Game/Racing Game/RacingGame/Content/2DSideScrollerBP/Tractor/Red0028.uasset" 75
"../../../../../../Users/Games/Documents/GitHub/design-masterclass-l6_dmc_02/Game/Racing Game/RacingGame/Content/2DSideScrollerBP/Tractor/Red0028_Sprite_0.uasset" 76
"../../../../../../Users/Games/Documents/GitHub/design-masterclass-l6_dmc_02/Game/Racing Game/RacingGame/Content/2DSideScrollerBP/Tractor/Red0029.uasset" 77
"../../../../../../Users/Games/Documents/GitHub/design-masterclass-l6_dmc_02/Game/Racing Game/RacingGame/Content/2DSideScrollerBP/Tractor/Red0029_Sprite_0.uasset" 78
"../../../../../../Users/Games/Documents/GitHub/design-masterclass-l6_dmc_02/Game/Racing Game/RacingGame/Content/2DSideScrollerBP/Tractor/Red0030.uasset" 79
"../../../../../../Users/Games/Documents/GitHub/design-masterclass-l6_dmc_02/Game/Racing Game/RacingGame/Content/2DSideScrollerBP/Tractor/Red0030_Sprite_0.uasset" 80
"../../../../../../Users/Games/Documents/GitHub/design-masterclass-l6_dmc_02/Game/Racing Game/RacingGame/Content/2DSideScrollerBP/Tractor/Red0031.uasset" 81
"../../../../../../Users/Games/Documents/GitHub/design-masterclass-l6_dmc_02/Game/Racing Game/RacingGame/Content/2DSideScrollerBP/Tractor/Red0031_Sprite_0.uasset" 82
"../../../../../../Users/Games/Documents/GitHub/design-masterclass-l6_dmc_02/Game/Racing Game/RacingGame/Content/2DSideScrollerBP/Tractor/Red0032.uasset" 83
"../../../../../../Users/Games/Documents/GitHub/design-masterclass-l6_dmc_02/Game/Racing Game/RacingGame/Content/2DSideScrollerBP/Tractor/Red0032_Sprite_0.uasset" 84
"../../../../../../Users/Games/Documents/GitHub/design-masterclass-l6_dmc_02/Game/Racing Game/RacingGame/Content/2DSideScrollerBP/Tractor/Red0033.uasset" 85
"../../../../../../Users/Games/Documents/GitHub/design-masterclass-l6_dmc_02/Game/Racing Game/RacingGame/Content/2DSideScrollerBP/Tractor/Red0033_Sprite_0.uasset" 86
"../../../../../../Users/Games/Documents/GitHub/design-masterclass-l6_dmc_02/Game/Racing Game/RacingGame/Content/2DSideScrollerBP/Tractor/Red0034.uasset" 87
"../../../../../../Users/Games/Documents/GitHub/design-masterclass-l6_dmc_02/Game/Racing Game/RacingGame/Content/2DSideScrollerBP/Tractor/Red0034_Sprite_0.uasset" 88
"../../../../../../Users/Games/Documents/GitHub/design-masterclass-l6_dmc_02/Game/Racing Game/RacingGame/Content/2DSideScrollerBP/Tractor/Red0035.uasset" 89
"../../../../../../Users/Games/Documents/GitHub/design-masterclass-l6_dmc_02/Game/Racing Game/RacingGame/Content/2DSideScrollerBP/Tractor/Red0035_Sprite_0.uasset" 90
"../../../../../../Users/Games/Documents/GitHub/design-masterclass-l6_dmc_02/Game/Racing Game/RacingGame/Content/2DSideScrollerBP/Tractor/Red0036.uasset" 91
"../../../../../../Users/Games/Documents/GitHub/design-masterclass-l6_dmc_02/Game/Racing Game/RacingGame/Content/2DSideScrollerBP/Tractor/Red0036_Sprite_0.uasset" 92
"../../../../../../Users/Games/Documents/GitHub/design-masterclass-l6_dmc_02/Game/Racing Game/RacingGame/Content/2DSideScrollerBP/Tractor/Red0037.uasset" 93
"../../../../../../Users/Games/Documents/GitHub/design-masterclass-l6_dmc_02/Game/Racing Game/RacingGame/Content/2DSideScrollerBP/Tractor/Red0037_Sprite_0.uasset" 94
"../../../../../../Users/Games/Documents/GitHub/design-masterclass-l6_dmc_02/Game/Racing Game/RacingGame/Content/2DSideScrollerBP/Tractor/Red0038.uasset" 95
"../../../../../../Users/Games/Documents/GitHub/design-masterclass-l6_dmc_02/Game/Racing Game/RacingGame/Content/2DSideScrollerBP/Tractor/Red0038_Sprite_0.uasset" 96
"../../../../../../Users/Games/Documents/GitHub/design-masterclass-l6_dmc_02/Game/Racing Game/RacingGame/Content/2DSideScrollerBP/Tractor/Red0039.uasset" 97
"../../../../../../Users/Games/Documents/GitHub/design-masterclass-l6_dmc_02/Game/Racing Game/RacingGame/Content/2DSideScrollerBP/Tractor/Red0039_Sprite_0.uasset" 98
"../../../../../../Users/Games/Documents/GitHub/design-masterclass-l6_dmc_02/Game/Racing Game/RacingGame/Content/2DSideScrollerBP/Tractor/Red0040.uasset" 99
"../../../../../../Users/Games/Documents/GitHub/design-masterclass-l6_dmc_02/Game/Racing Game/RacingGame/Content/2DSideScrollerBP/Tractor/Red0040_Sprite_0.uasset" 100
"../../../../../../Users/Games/Documents/GitHub/design-masterclass-l6_dmc_02/Game/Racing Game/RacingGame/Content/2DSideScrollerBP/Tractor/Red0041.uasset" 101
"../../../../../../Users/Games/Documents/GitHub/design-masterclass-l6_dmc_02/Game/Racing Game/RacingGame/Content/2DSideScrollerBP/Tractor/Red0041_Sprite_0.uasset" 102
"../../../../../../Users/Games/Documents/GitHub/design-masterclass-l6_dmc_02/Game/Racing Game/RacingGame/Content/2DSideScrollerBP/Tractor/Red0042.uasset" 103
"../../../../../../Users/Games/Documents/GitHub/design-masterclass-l6_dmc_02/Game/Racing Game/RacingGame/Content/2DSideScrollerBP/Tractor/Red0042_Sprite_0.uasset" 104
"../../../../../../Users/Games/Documents/GitHub/design-masterclass-l6_dmc_02/Game/Racing Game/RacingGame/Content/2DSideScrollerBP/Tractor/Red0043.uasset" 105
"../../../../../../Users/Games/Documents/GitHub/design-masterclass-l6_dmc_02/Game/Racing Game/RacingGame/Content/2DSideScrollerBP/Tractor/Red0043_Sprite_0.uasset" 106
"../../../../../../Users/Games/Documents/GitHub/design-masterclass-l6_dmc_02/Game/Racing Game/RacingGame/Content/2DSideScrollerBP/Tractor/Red0044.uasset" 107
"../../../../../../Users/Games/Documents/GitHub/design-masterclass-l6_dmc_02/Game/Racing Game/RacingGame/Content/2DSideScrollerBP/Tractor/Red0044_Sprite_0.uasset" 108
"../../../../../../Users/Games/Documents/GitHub/design-masterclass-l6_dmc_02/Game/Racing Game/RacingGame/Content/2DSideScrollerBP/Tractor/Red0045.uasset" 109
"../../../../../../Users/Games/Documents/GitHub/design-masterclass-l6_dmc_02/Game/Racing Game/RacingGame/Content/2DSideScrollerBP/Tractor/Red0045_Sprite_0.uasset" 110
"../../../../../../Users/Games/Documents/GitHub/design-masterclass-l6_dmc_02/Game/Racing Game/RacingGame/Content/2DSideScrollerBP/Tractor/Red0046.uasset" 111
"../../../../../../Users/Games/Documents/GitHub/design-masterclass-l6_dmc_02/Game/Racing Game/RacingGame/Content/2DSideScrollerBP/Tractor/Red0046_Sprite_0.uasset" 112
"../../../../../../Users/Games/Documents/GitHub/design-masterclass-l6_dmc_02/Game/Racing Game/RacingGame/Content/2DSideScrollerBP/Tractor/Red0047.uasset" 113
"../../../../../../Users/Games/Documents/GitHub/design-masterclass-l6_dmc_02/Game/Racing Game/RacingGame/Content/2DSideScrollerBP/Tractor/Red0047_Sprite_0.uasset" 114
"../../../../../../Users/Games/Documents/GitHub/design-masterclass-l6_dmc_02/Game/Racing Game/RacingGame/Content/2DSideScrollerBP/Tractor/Red0048.uasset" 115
"../../../../../../Users/Games/Documents/GitHub/design-masterclass-l6_dmc_02/Game/Racing Game/RacingGame/Content/2DSideScrollerBP/Tractor/Red0048_Sprite_0.uasset" 116
"../../../../../../Users/Games/Documents/GitHub/design-masterclass-l6_dmc_02/Game/Racing Game/RacingGame/Content/2DSideScrollerBP/Tractor/Red0049.uasset" 117
"../../../../../../Users/Games/Documents/GitHub/design-masterclass-l6_dmc_02/Game/Racing Game/RacingGame/Content/2DSideScrollerBP/Tractor/Red0049_Sprite_0.uasset" 118
"../../../../../../Users/Games/Documents/GitHub/design-masterclass-l6_dmc_02/Game/Racing Game/RacingGame/Content/2DSideScrollerBP/Tractor/Red0050.uasset" 119
"../../../../../../Users/Games/Documents/GitHub/design-masterclass-l6_dmc_02/Game/Racing Game/RacingGame/Content/2DSideScrollerBP/Tractor/Red0050_Sprite_0.uasset" 120
"../../../../../../Users/Games/Documents/GitHub/design-masterclass-l6_dmc_02/Game/Racing Game/RacingGame/Content/2DSideScrollerBP/Tractor/Red0051.uasset" 121
"../../../../../../Users/Games/Documents/GitHub/design-masterclass-l6_dmc_02/Game/Racing Game/RacingGame/Content/2DSideScrollerBP/Tractor/Red0051_Sprite_0.uasset" 122
"../../../../../../Users/Games/Documents/GitHub/design-masterclass-l6_dmc_02/Game/Racing Game/RacingGame/Content/2DSideScrollerBP/Tractor/Red0052.uasset" 123
"../../../../../../Users/Games/Documents/GitHub/design-masterclass-l6_dmc_02/Game/Racing Game/RacingGame/Content/2DSideScrollerBP/Tractor/Red0052_Sprite_0.uasset" 124
"../../../../../../Users/Games/Documents/GitHub/design-masterclass-l6_dmc_02/Game/Racing Game/RacingGame/Content/2DSideScrollerBP/Tractor/Red0053.uasset" 125
"../../../../../../Users/Games/Documents/GitHub/design-masterclass-l6_dmc_02/Game/Racing Game/RacingGame/Content/2DSideScrollerBP/Tractor/Red0053_Sprite_0.uasset" 126
"../../../../../../Users/Games/Documents/GitHub/design-masterclass-l6_dmc_02/Game/Racing Game/RacingGame/Content/2DSideScrollerBP/Tractor/Red0054.uasset" 127
"../../../../../../Users/Games/Documents/GitHub/design-masterclass-l6_dmc_02/Game/Racing Game/RacingGame/Content/2DSideScrollerBP/Tractor/Red0054_Sprite_0.uasset" 128
"../../../../../../Users/Games/Documents/GitHub/design-masterclass-l6_dmc_02/Game/Racing Game/RacingGame/Content/2DSideScrollerBP/Tractor/Red0055.uasset" 129
"../../../../../../Users/Games/Documents/GitHub/design-masterclass-l6_dmc_02/Game/Racing Game/RacingGame/Content/2DSideScrollerBP/Tractor/Red0055_Sprite_0.uasset" 130
"../../../../../../Users/Games/Documents/GitHub/design-masterclass-l6_dmc_02/Game/Racing Game/RacingGame/Content/2DSideScrollerBP/Tractor/Red0056.uasset" 131
"../../../../../../Users/Games/Documents/GitHub/design-masterclass-l6_dmc_02/Game/Racing Game/RacingGame/Content/2DSideScrollerBP/Tractor/Red0056_Sprite_0.uasset" 132
"../../../../../../Users/Games/Documents/GitHub/design-masterclass-l6_dmc_02/Game/Racing Game/RacingGame/Content/2DSideScrollerBP/Tractor/Red0057.uasset" 133
"../../../../../../Users/Games/Documents/GitHub/design-masterclass-l6_dmc_02/Game/Racing Game/RacingGame/Content/2DSideScrollerBP/Tractor/Red0057_Sprite_0.uasset" 134
"../../../../../../Users/Games/Documents/GitHub/design-masterclass-l6_dmc_02/Game/Racing Game/RacingGame/Content/2DSideScrollerBP/Tractor/Red0058.uasset" 135
"../../../../../../Users/Games/Documents/GitHub/design-masterclass-l6_dmc_02/Game/Racing Game/RacingGame/Content/2DSideScrollerBP/Tractor/Red0058_Sprite_0.uasset" 136
"../../../../../../Users/Games/Documents/GitHub/design-masterclass-l6_dmc_02/Game/Racing Game/RacingGame/Content/2DSideScrollerBP/Tractor/Red0059.uasset" 137
"../../../../../../Users/Games/Documents/GitHub/design-masterclass-l6_dmc_02/Game/Racing Game/RacingGame/Content/2DSideScrollerBP/Tractor/Red0059_Sprite_0.uasset" 138
"../../../../../../Users/Games/Documents/GitHub/design-masterclass-l6_dmc_02/Game/Racing Game/RacingGame/Content/2DSideScrollerBP/Tractor/Red0060.uasset" 139
"../../../../../../Users/Games/Documents/GitHub/design-masterclass-l6_dmc_02/Game/Racing Game/RacingGame/Content/2DSideScrollerBP/Tractor/Red0060_Sprite_0.uasset" 140
"../../../../../../Users/Games/Documents/GitHub/design-masterclass-l6_dmc_02/Game/Racing Game/RacingGame/Content/2DSideScrollerBP/Tractor/Red0061.uasset" 141
"../../../../../../Users/Games/Documents/GitHub/design-masterclass-l6_dmc_02/Game/Racing Game/RacingGame/Content/2DSideScrollerBP/Tractor/Red0061_Sprite_0.uasset" 142
"../../../../../../Users/Games/Documents/GitHub/design-masterclass-l6_dmc_02/Game/Racing Game/RacingGame/Content/2DSideScrollerBP/Tractor/Red0062.uasset" 143
"../../../../../../Users/Games/Documents/GitHub/design-masterclass-l6_dmc_02/Game/Racing Game/RacingGame/Content/2DSideScrollerBP/Tractor/Red0062_Sprite_0.uasset" 144
"../../../../../../Users/Games/Documents/GitHub/design-masterclass-l6_dmc_02/Game/Racing Game/RacingGame/Content/2DSideScrollerBP/Tractor/Red0063.uasset" 145
"../../../../../../Users/Games/Documents/GitHub/design-masterclass-l6_dmc_02/Game/Racing Game/RacingGame/Content/2DSideScrollerBP/Tractor/Red0063_Sprite_0.uasset" 146
"../../../../../../Users/Games/Documents/GitHub/design-masterclass-l6_dmc_02/Game/Racing Game/RacingGame/Content/2DSideScrollerBP/Tractor/Red0064.uasset" 147
"../../../../../../Users/Games/Documents/GitHub/design-masterclass-l6_dmc_02/Game/Racing Game/RacingGame/Content/2DSideScrollerBP/Tractor/Red0064_Sprite_0.uasset" 148
"../../../../../../Users/Games/Documents/GitHub/design-masterclass-l6_dmc_02/Game/Racing Game/RacingGame/Content/2DSideScrollerBP/Tractor/Red0065.uasset" 149
"../../../../../../Users/Games/Documents/GitHub/design-masterclass-l6_dmc_02/Game/Racing Game/RacingGame/Content/2DSideScrollerBP/Tractor/Red0065_Sprite_0.uasset" 150
"../../../../../../Users/Games/Documents/GitHub/design-masterclass-l6_dmc_02/Game/Racing Game/RacingGame/Content/2DSideScrollerBP/Tractor/Red0066.uasset" 151
"../../../../../../Users/Games/Documents/GitHub/design-masterclass-l6_dmc_02/Game/Racing Game/RacingGame/Content/2DSideScrollerBP/Tractor/Red0066_Sprite_0.uasset" 152
"../../../../../../Users/Games/Documents/GitHub/design-masterclass-l6_dmc_02/Game/Racing Game/RacingGame/Content/2DSideScrollerBP/Tractor/Red0067.uasset" 153
"../../../../../../Users/Games/Documents/GitHub/design-masterclass-l6_dmc_02/Game/Racing Game/RacingGame/Content/2DSideScrollerBP/Tractor/Red0067_Sprite_0.uasset" 154
"../../../../../../Users/Games/Documents/GitHub/design-masterclass-l6_dmc_02/Game/Racing Game/RacingGame/Content/2DSideScrollerBP/Tractor/Red0068.uasset" 155
"../../../../../../Users/Games/Documents/GitHub/design-masterclass-l6_dmc_02/Game/Racing Game/RacingGame/Content/2DSideScrollerBP/Tractor/Red0068_Sprite_0.uasset" 156
"../../../../../../Users/Games/Documents/GitHub/design-masterclass-l6_dmc_02/Game/Racing Game/RacingGame/Content/2DSideScrollerBP/Tractor/Red0069.uasset" 157
"../../../../../../Users/Games/Documents/GitHub/design-masterclass-l6_dmc_02/Game/Racing Game/RacingGame/Content/2DSideScrollerBP/Tractor/Red0069_Sprite_0.uasset" 158
"../../../../../../Users/Games/Documents/GitHub/design-masterclass-l6_dmc_02/Game/Racing Game/RacingGame/Content/2DSideScrollerBP/Tractor/Red0070.uasset" 159
"../../../../../../Users/Games/Documents/GitHub/design-masterclass-l6_dmc_02/Game/Racing Game/RacingGame/Content/2DSideScrollerBP/Tractor/Red0070_Sprite_0.uasset" 160
"../../../../../../Users/Games/Documents/GitHub/design-masterclass-l6_dmc_02/Game/Racing Game/RacingGame/Content/2DSideScrollerBP/Tractor/Red0071.uasset" 161
"../../../../../../Users/Games/Documents/GitHub/design-masterclass-l6_dmc_02/Game/Racing Game/RacingGame/Content/2DSideScrollerBP/Tractor/Red0071_Sprite_0.uasset" 162
"../../../../../../Users/Games/Documents/GitHub/design-masterclass-l6_dmc_02/Game/Racing Game/RacingGame/Content/2DSideScrollerBP/Tractor/Red0072.uasset" 163
"../../../../../../Users/Games/Documents/GitHub/design-masterclass-l6_dmc_02/Game/Racing Game/RacingGame/Content/2DSideScrollerBP/Tractor/Red0072_Sprite_0.uasset" 164
"../../../../../../Users/Games/Documents/GitHub/design-masterclass-l6_dmc_02/Game/Racing Game/RacingGame/Content/2DSideScrollerBP/Tractor/Red0073.uasset" 165
"../../../../../../Users/Games/Documents/GitHub/design-masterclass-l6_dmc_02/Game/Racing Game/RacingGame/Content/2DSideScrollerBP/Tractor/Red0073_Sprite_0.uasset" 166
"../../../../../../Users/Games/Documents/GitHub/design-masterclass-l6_dmc_02/Game/Racing Game/RacingGame/Content/2DSideScrollerBP/Tractor/Red0074.uasset" 167
"../../../../../../Users/Games/Documents/GitHub/design-masterclass-l6_dmc_02/Game/Racing Game/RacingGame/Content/2DSideScrollerBP/Tractor/Red0074_Sprite_0.uasset" 168
"../../../../../../Users/Games/Documents/GitHub/design-masterclass-l6_dmc_02/Game/Racing Game/RacingGame/Content/2DSideScrollerBP/Tractor/Red0075.uasset" 169
"../../../../../../Users/Games/Documents/GitHub/design-masterclass-l6_dmc_02/Game/Racing Game/RacingGame/Content/2DSideScrollerBP/Tractor/Red0075_Sprite_0.uasset" 170
"../../../../../../Users/Games/Documents/GitHub/design-masterclass-l6_dmc_02/Game/Racing Game/RacingGame/Content/2DSideScrollerBP/Tractor/Red0076.uasset" 171
"../../../../../../Users/Games/Documents/GitHub/design-masterclass-l6_dmc_02/Game/Racing Game/RacingGame/Content/2DSideScrollerBP/Tractor/Red0076_Sprite_0.uasset" 172
"../../../../../../Users/Games/Documents/GitHub/design-masterclass-l6_dmc_02/Game/Racing Game/RacingGame/Content/2DSideScrollerBP/Tractor/Red0077.uasset" 173
"../../../../../../Users/Games/Documents/GitHub/design-masterclass-l6_dmc_02/Game/Racing Game/RacingGame/Content/2DSideScrollerBP/Tractor/Red0077_Sprite_0.uasset" 174
"../../../../../../Users/Games/Documents/GitHub/design-masterclass-l6_dmc_02/Game/Racing Game/RacingGame/Content/2DSideScrollerBP/Tractor/Red0078.uasset" 175
"../../../../../../Users/Games/Documents/GitHub/design-masterclass-l6_dmc_02/Game/Racing Game/RacingGame/Content/2DSideScrollerBP/Tractor/Red0078_Sprite_0.uasset" 176
"../../../../../../Users/Games/Documents/GitHub/design-masterclass-l6_dmc_02/Game/Racing Game/RacingGame/Content/2DSideScrollerBP/Tractor/Red0079.uasset" 177
"../../../../../../Users/Games/Documents/GitHub/design-masterclass-l6_dmc_02/Game/Racing Game/RacingGame/Content/2DSideScrollerBP/Tractor/Red0079_Sprite_0.uasset" 178
"../../../../../../Users/Games/Documents/GitHub/design-masterclass-l6_dmc_02/Game/Racing Game/RacingGame/Content/2DSideScrollerBP/Tractor/Red0080.uasset" 179
"../../../../../../Users/Games/Documents/GitHub/design-masterclass-l6_dmc_02/Game/Racing Game/RacingGame/Content/2DSideScrollerBP/Tractor/Red0080_Sprite_0.uasset" 180
"../../../../../../Users/Games/Documents/GitHub/design-masterclass-l6_dmc_02/Game/Racing Game/RacingGame/Content/2DSideScrollerBP/Tractor/Red0081.uasset" 181
"../../../../../../Users/Games/Documents/GitHub/design-masterclass-l6_dmc_02/Game/Racing Game/RacingGame/Content/2DSideScrollerBP/Tractor/Red0081_Sprite_0.uasset" 182
"../../../../../../Users/Games/Documents/GitHub/design-masterclass-l6_dmc_02/Game/Racing Game/RacingGame/Content/2DSideScrollerBP/Tractor/Red0082.uasset" 183
"../../../../../../Users/Games/Documents/GitHub/design-masterclass-l6_dmc_02/Game/Racing Game/RacingGame/Content/2DSideScrollerBP/Tractor/Red0082_Sprite_0.uasset" 184
"../../../../../../Users/Games/Documents/GitHub/design-masterclass-l6_dmc_02/Game/Racing Game/RacingGame/Content/2DSideScrollerBP/Tractor/Red0083.uasset" 185
"../../../../../../Users/Games/Documents/GitHub/design-masterclass-l6_dmc_02/Game/Racing Game/RacingGame/Content/2DSideScrollerBP/Tractor/Red0083_Sprite_0.uasset" 186
"../../../../../../Users/Games/Documents/GitHub/design-masterclass-l6_dmc_02/Game/Racing Game/RacingGame/Content/2DSideScrollerBP/Tractor/Red0084.uasset" 187
"../../../../../../Users/Games/Documents/GitHub/design-masterclass-l6_dmc_02/Game/Racing Game/RacingGame/Content/2DSideScrollerBP/Tractor/Red0084_Sprite_0.uasset" 188
"../../../../../../Users/Games/Documents/GitHub/design-masterclass-l6_dmc_02/Game/Racing Game/RacingGame/Content/2DSideScrollerBP/Tractor/Red0085.uasset" 189
"../../../../../../Users/Games/Documents/GitHub/design-masterclass-l6_dmc_02/Game/Racing Game/RacingGame/Content/2DSideScrollerBP/Tractor/Red0085_Sprite_0.uasset" 190
"../../../../../../Users/Games/Documents/GitHub/design-masterclass-l6_dmc_02/Game/Racing Game/RacingGame/Content/2DSideScrollerBP/Tractor/Red0086.uasset" 191
"../../../../../../Users/Games/Documents/GitHub/design-masterclass-l6_dmc_02/Game/Racing Game/RacingGame/Content/2DSideScrollerBP/Tractor/Red0086_Sprite_0.uasset" 192
"../../../../../../Users/Games/Documents/GitHub/design-masterclass-l6_dmc_02/Game/Racing Game/RacingGame/Content/2DSideScrollerBP/Tractor/Red0087.uasset" 193
"../../../../../../Users/Games/Documents/GitHub/design-masterclass-l6_dmc_02/Game/Racing Game/RacingGame/Content/2DSideScrollerBP/Tractor/Red0087_Sprite_0.uasset" 194
"../../../../../../Users/Games/Documents/GitHub/design-masterclass-l6_dmc_02/Game/Racing Game/RacingGame/Content/2DSideScrollerBP/Tractor/Red0088.uasset" 195
"../../../../../../Users/Games/Documents/GitHub/design-masterclass-l6_dmc_02/Game/Racing Game/RacingGame/Content/2DSideScrollerBP/Tractor/Red0088_Sprite_0.uasset" 196
"../../../../../../Users/Games/Documents/GitHub/design-masterclass-l6_dmc_02/Game/Racing Game/RacingGame/Content/2DSideScrollerBP/Tractor/Red0089.uasset" 197
"../../../../../../Users/Games/Documents/GitHub/design-masterclass-l6_dmc_02/Game/Racing Game/RacingGame/Content/2DSideScrollerBP/Tractor/Red0089_Sprite_0.uasset" 198
"../../../../../../Users/Games/Documents/GitHub/design-masterclass-l6_dmc_02/Game/Racing Game/RacingGame/Content/2DSideScrollerBP/Tractor/Red0090.uasset" 199
"../../../../../../Users/Games/Documents/GitHub/design-masterclass-l6_dmc_02/Game/Racing Game/RacingGame/Content/2DSideScrollerBP/Tractor/Red0090_Sprite_0.uasset" 200
"../../../../../../Users/Games/Documents/GitHub/design-masterclass-l6_dmc_02/Game/Racing Game/RacingGame/Content/2DSideScrollerBP/Tractor/Red0091.uasset" 201
"../../../../../../Users/Games/Documents/GitHub/design-masterclass-l6_dmc_02/Game/Racing Game/RacingGame/Content/2DSideScrollerBP/Tractor/Red0091_Sprite_0.uasset" 202
"../../../../../../Users/Games/Documents/GitHub/design-masterclass-l6_dmc_02/Game/Racing Game/RacingGame/Content/2DSideScrollerBP/Tractor/Red0092.uasset" 203
"../../../../../../Users/Games/Documents/GitHub/design-masterclass-l6_dmc_02/Game/Racing Game/RacingGame/Content/2DSideScrollerBP/Tractor/Red0092_Sprite_0.uasset" 204
"../../../../../../Users/Games/Documents/GitHub/design-masterclass-l6_dmc_02/Game/Racing Game/RacingGame/Content/2DSideScrollerBP/Tractor/Red0093.uasset" 205
"../../../../../../Users/Games/Documents/GitHub/design-masterclass-l6_dmc_02/Game/Racing Game/RacingGame/Content/2DSideScrollerBP/Tractor/Red0093_Sprite_0.uasset" 206
"../../../../../../Users/Games/Documents/GitHub/design-masterclass-l6_dmc_02/Game/Racing Game/RacingGame/Content/2DSideScrollerBP/Tractor/Red0094.uasset" 207
"../../../../../../Users/Games/Documents/GitHub/design-masterclass-l6_dmc_02/Game/Racing Game/RacingGame/Content/2DSideScrollerBP/Tractor/Red0094_Sprite_0.uasset" 208
"../../../../../../Users/Games/Documents/GitHub/design-masterclass-l6_dmc_02/Game/Racing Game/RacingGame/Content/2DSideScrollerBP/Tractor/Red0095.uasset" 209
"../../../../../../Users/Games/Documents/GitHub/design-masterclass-l6_dmc_02/Game/Racing Game/RacingGame/Content/2DSideScrollerBP/Tractor/Red0095_Sprite_0.uasset" 210
"../../../../../../Users/Games/Documents/GitHub/design-masterclass-l6_dmc_02/Game/Racing Game/RacingGame/Content/2DSideScrollerBP/Tractor/Red0096.uasset" 211
"../../../../../../Users/Games/Documents/GitHub/design-masterclass-l6_dmc_02/Game/Racing Game/RacingGame/Content/2DSideScrollerBP/Tractor/Red0096_Sprite_0.uasset" 212
"../../../../../../Users/Games/Documents/GitHub/design-masterclass-l6_dmc_02/Game/Racing Game/RacingGame/Content/2DSideScrollerBP/Tractor/Tractor.uasset" 213
"../../../../../../Users/Games/Documents/GitHub/design-masterclass-l6_dmc_02/Game/Racing Game/RacingGame/Content/2DSideScrollerBP/Vehicles/green-mower-01.uasset" 214
"../../../../../../Users/Games/Documents/GitHub/design-masterclass-l6_dmc_02/Game/Racing Game/RacingGame/Content/2DSideScrollerBP/Vehicles/green-mower-01_Sprite.uasset" 215
"../../../../../../Users/Games/Documents/GitHub/design-masterclass-l6_dmc_02/Game/Racing Game/RacingGame/Content/2DSideScrollerBP/Vehicles/green-tractor-01.uasset" 216
"../../../../../../Users/Games/Documents/GitHub/design-masterclass-l6_dmc_02/Game/Racing Game/RacingGame/Content/2DSideScrollerBP/Vehicles/green-tractor-01_Sprite.uasset" 217
"../../../Engine/Content/Functions/Engine_MaterialFunctions01/Opacity/CameraDepthFade.uasset" 218
"../../../Engine/Content/EngineMaterials/T_Default_Material_Grid_M.uasset" 219
"../../../Engine/Content/EngineMaterials/T_Default_Material_Grid_N.uasset" 220
"../../../Engine/Content/EngineMaterials/WorldGridMaterial.uasset" 221
"../../../Engine/Content/ArtTools/RenderToTexture/Meshes/S_1_Unit_Plane.uasset" 222
"../../../Engine/Content/EngineMaterials/DefaultMaterial.uasset" 223
"../../../Engine/Content/BasicShapes/Cone.uasset" 224
"../../../Engine/Content/BasicShapes/Cube.uasset" 225
"../../../Engine/Content/BasicShapes/Cylinder.uasset" 226
"../../../Engine/Content/BasicShapes/Plane.uasset" 227
"../../../Engine/Content/BasicShapes/Sphere.uasset" 228
"../../../Engine/Content/EditorLandscapeResources/DataLayer.uasset" 229
"../../../Engine/Content/EditorLandscapeResources/DefaultAlphaTexture.uasset" 230
"../../../Engine/Content/EditorMaterials/GizmoMaterial.uasset" 231
"../../../Engine/Content/EditorMaterials/MAT_Groups_Toggle.uasset" 232
"../../../Engine/Content/EditorMaterials/MAT_Groups_Visibility.uasset" 233
"../../../Engine/Content/EditorMaterials/PreviewShadowIndicator.uasset" 234
"../../../Engine/Content/EditorMaterials/PreviewShadowIndicatorMaterial.uasset" 235
"../../../Engine/Content/EditorMaterials/MatineeGroups/MAT_ColorTrack.uasset" 236
"../../../Engine/Content/EditorMaterials/MatineeGroups/MAT_Groups_Anim.uasset" 237
"../../../Engine/Content/EditorMaterials/MatineeGroups/MAT_Groups_AudioMaster.uasset" 238
"../../../Engine/Content/EditorMaterials/MatineeGroups/MAT_Groups_Director.uasset" 239
"../../../Engine/Content/EditorMaterials/MatineeGroups/MAT_Groups_Event.uasset" 240
"../../../Engine/Content/EditorMaterials/MatineeGroups/MAT_Groups_Fade.uasset" 241
"../../../Engine/Content/EditorMaterials/MatineeGroups/MAT_Groups_Float.uasset" 242
"../../../Engine/Content/EditorMaterials/MatineeGroups/MAT_Groups_Move.uasset" 243
"../../../Engine/Content/EditorMaterials/MatineeGroups/MAT_Groups_Slomo.uasset" 244
"../../../Engine/Content/EditorMaterials/MatineeGroups/MAT_Groups_Sound.uasset" 245
"../../../Engine/Content/EditorMaterials/MatineeGroups/MAT_Groups_Vector.uasset" 246
"../../../Engine/Content/EditorMaterials/ParticleSystems/PSysThumbnail_NoImage.uasset" 247
"../../../Engine/Content/EditorMaterials/ParticleSystems/PSysThumbnail_OOD.uasset" 248
"../../../Engine/Content/EditorMaterials/Camera/CineMat.uasset" 249
"../../../Engine/Content/EditorMaterials/Camera/MI_CineMat_Rig.uasset" 250
"../../../Engine/Content/EditorMeshes/Camera/SM_CraneRig_Arm.uasset" 251
"../../../Engine/Content/EditorMeshes/Camera/SM_CraneRig_Base.uasset" 252
"../../../Engine/Content/EditorMeshes/Camera/SM_CraneRig_Body.uasset" 253
"../../../Engine/Content/EditorMeshes/Camera/SM_CraneRig_Mount.uasset" 254
"../../../Engine/Content/EditorMeshes/Camera/SM_RailRig_Mount.uasset" 255
"../../../Engine/Content/EditorMeshes/Camera/SM_RailRig_Track.uasset" 256
"../../../Engine/Content/EditorResources/BSPVertex.uasset" 257
"../../../Engine/Content/EditorResources/S_Actor.uasset" 258
"../../../Engine/Content/EditorResources/S_Terrain.uasset" 259
"../../../Engine/Content/EditorResources/S_Trigger.uasset" 260
"../../../Engine/Content/EditorResources/SequenceRecorder/Countdown.uasset" 261
"../../../Engine/Content/EditorResources/SequenceRecorder/RecordingIndicator.uasset" 262
"../../../Engine/Content/EditorSounds/Notifications/CompileFailed.uasset" 263
"../../../Engine/Content/EditorSounds/Notifications/CompileFailed_Cue.uasset" 264
"../../../Engine/Content/EditorSounds/Notifications/CompileSuccess.uasset" 265
"../../../Engine/Content/EditorSounds/Notifications/CompileStart_Cue.uasset" 266
"../../../Engine/Content/EditorSounds/Notifications/CompileSuccess_Cue.uasset" 267
"../../../Engine/Content/EngineDamageTypes/DmgTypeBP_Environmental.uasset" 268
"../../../Engine/Content/EngineDebugMaterials/HeatmapGradient.uasset" 269
"../../../Engine/Content/EngineDebugMaterials/BoneWeightMaterial.uasset" 270
"../../../Engine/Content/EngineDebugMaterials/ClothMaterial.uasset" 271
"../../../Engine/Content/EngineDebugMaterials/ClothMaterial_WF.uasset" 272
"../../../Engine/Content/EngineDebugMaterials/DebugEditorMaterial.uasset" 273
"../../../Engine/Content/EngineDebugMaterials/DebugMeshMaterial.uasset" 274
"../../../Engine/Content/EngineDebugMaterials/GeomMaterial.uasset" 275
"../../../Engine/Content/EngineDebugMaterials/M_SimpleTranslucent.uasset" 276
"../../../Engine/Content/EngineFonts/Faces/RobotoBold.uasset" 277
"../../../Engine/Content/EngineFonts/Faces/RobotoBoldItalic.uasset" 278
"../../../Engine/Content/EngineFonts/Faces/RobotoItalic.uasset" 279
"../../../Engine/Content/EngineFonts/Faces/RobotoLight.uasset" 280
"../../../Engine/Content/EngineFonts/Faces/RobotoRegular.uasset" 281
"../../../Engine/Content/EngineFonts/Roboto.uasset" 282
"../../../Engine/Content/EngineFonts/Faces/RobotoTiny.uasset" 283
"../../../Engine/Content/EngineFonts/RobotoTiny.uasset" 284
"../../../Engine/Content/EngineMaterials/BaseFlattenDiffuseMap.uasset" 285
"../../../Engine/Content/EngineMaterials/BaseFlattenEmissiveMap.uasset" 286
"../../../Engine/Content/EngineMaterials/BaseFlattenGrayscaleMap.uasset" 287
"../../../Engine/Content/EngineMaterials/BaseFlattenNormalMap.uasset" 288
"../../../Engine/Content/EngineMaterials/BaseFlattenMaterial.uasset" 289
"../../../Engine/Content/EngineMaterials/DefaultBloomKernel.uasset" 290
"../../../Engine/Content/EngineMaterials/DefaultBokeh.uasset" 291
"../../../Engine/Content/EngineMaterials/DefaultDiffuse.uasset" 292
"../../../Engine/Content/EngineMaterials/DefaultDeferredDecalMaterial.uasset" 293
"../../../Engine/Content/EngineMaterials/DefaultLightFunctionMaterial.uasset" 294
"../../../Engine/Content/EngineMaterials/DefaultPhysicalMaterial.uasset" 295
"../../../Engine/Content/Functions/Engine_MaterialFunctions02/Utility/BreakOutFloat2Components.uasset" 296
"../../../Engine/Content/EngineMaterials/DefaultPostProcessMaterial.uasset" 297
"../../../Engine/Content/EngineFonts/RobotoDistanceField.uasset" 298
"../../../Engine/Content/EngineMaterials/DefaultTextMaterialOpaque.uasset" 299
"../../../Engine/Content/EngineMaterials/DefaultWhiteGrid.uasset" 300
"../../../Engine/Content/EngineMaterials/EditorBrushMaterial.uasset" 301
"../../../Engine/Content/EngineMaterials/Good64x64TilingNoiseHighFreq.uasset" 302
"../../../Engine/Content/EngineMaterials/MiniFont.uasset" 303
"../../../Engine/Content/EngineMaterials/InvalidLightmapSettings.uasset" 304
"../../../Engine/Content/EngineMaterials/M_InvalidLightmapSettings.uasset" 305
"../../../Engine/Content/Functions/Engine_MaterialFunctions02/WorldPositionOffset/CameraOffset.uasset" 306
"../../../Engine/Content/EngineMaterials/PhAT_JointLimitMaterial.uasset" 307
"../../../Engine/Content/EngineMaterials/PreintegratedSkinBRDF.uasset" 308
"../../../Engine/Content/EngineMaterials/RemoveSurfaceMaterial.uasset" 309
"../../../Engine/Content/EngineMaterials/WeightMapPlaceholderTexture.uasset" 310
"../../../Engine/Content/EngineResources/WhiteSquareTexture.uasset" 311
"../../../Engine/Content/EngineMaterials/Widget3DPassThrough.uasset" 312
"../../../Engine/Content/EngineMaterials/Widget3DPassThrough_Masked.uasset" 313
"../../../Engine/Content/EngineMaterials/Widget3DPassThrough_Opaque.uasset" 314
"../../../Engine/Content/EngineMaterials/Widget3DPassThrough_Masked_OneSided.uasset" 315
"../../../Engine/Content/EngineMaterials/Widget3DPassThrough_Opaque_OneSided.uasset" 316
"../../../Engine/Content/EngineMaterials/Widget3DPassThrough_Translucent.uasset" 317
"../../../Engine/Content/EngineMaterials/Widget3DPassThrough_Translucent_OneSided.uasset" 318
"../../../Engine/Content/EngineMeshes/Cylinder.uasset" 319
"../../../Engine/Content/EngineMeshes/Sphere.uasset" 320
"../../../Engine/Content/EngineResources/Black.uasset" 321
"../../../Engine/Content/EngineResources/DefaultTexture.uasset" 322
"../../../Engine/Content/EngineResources/DefaultTextureCube.uasset" 323
"../../../Engine/Content/EngineResources/DefaultVolumeTexture2D.uasset" 324
"../../../Engine/Content/EngineResources/DefaultVolumeTexture.uasset" 325
"../../../Engine/Content/EngineResources/GradientTexture0.uasset" 326
"../../../Engine/Content/EngineSounds/Master.uasset" 327
"../../../Engine/Content/Functions/Engine_MaterialFunctions01/Shading/ConvertFromDiffSpec.uasset" 328
"../../../Engine/Content/Functions/Engine_MaterialFunctions01/Shading/PowerToRoughness.uasset" 329
"../../../Engine/Content/Maps/Templates/Thumbnails/Default.uasset" 330
"../../../Engine/Content/Maps/Templates/Thumbnails/VR-Basic.uasset" 331
"../../../Engine/Content/MobileResources/T_MobileControls_texture.uasset" 332
"../../../Engine/Content/MobileResources/T_MobileMenu2.uasset" 333
"../../../Engine/Content/MobileResources/HUD/AnalogHat.uasset" 334
"../../../Engine/Content/MobileResources/HUD/VirtualJoystick_Background.uasset" 335
"../../../Engine/Content/MobileResources/HUD/VirtualJoystick_Thumb.uasset" 336
"../../../Engine/Content/MobileResources/HUD/DefaultVirtualJoysticks.uasset" 337
"../../../Engine/Content/MobileResources/HUD/LeftVirtualJoystickOnly.uasset" 338
"../../../Engine/Content/MobileResources/HUD/MobileHUDButton1_off.uasset" 339
"../../../Engine/Content/MobileResources/HUD/MobileHUDButton1_on.uasset" 340
"../../../Engine/Content/MobileResources/HUD/MobileHUDButton2_off.uasset" 341
"../../../Engine/Content/MobileResources/HUD/MobileHUDButton2_on.uasset" 342
"../../../Engine/Content/MobileResources/HUD/MobileHUDButton3.uasset" 343
"../../../Engine/Content/MobileResources/HUD/MobileHUDButtonFire.uasset" 344
"../../../Engine/Content/MobileResources/HUD/MobileHUDDirectionPad.uasset" 345
"../../../Engine/Content/MobileResources/HUD/MobileHUDDirectionPad2.uasset" 346
"../../../Engine/Content/MobileResources/HUD/MobileHUDDirectionPad3.uasset" 347
"../../../Engine/Content/MobileResources/HUD/MobileHUDDirectionStick.uasset" 348
"../../../Engine/Content/MobileResources/HUD/T_Castle_ThumbstickInner.uasset" 349
"../../../Engine/Content/MobileResources/HUD/T_Castle_ThumbstickOutter.uasset" 350
"../../../Engine/Content/Tutorial/ContentIntroCurve.uasset" 351
"../../../Engine/Content/VREditor/LaserPointer/VR_LaserPower_01.uasset" 352
"../../../Engine/Content/VREditor/TransformGizmo/TransformGizmoMaterial.uasset" 353
"../../../Engine/Content/VREditor/TransformGizmo/TranslucentTransformGizmoMaterial.uasset" 354
"../../../Engine/Content/VREditor/TransformGizmo/BoundingBoxCorner.uasset" 355
"../../../Engine/Content/VREditor/TransformGizmo/BoundingBoxEdge.uasset" 356
"../../../Engine/Content/VREditor/TransformGizmo/PlaneTranslationHandle.uasset" 357
"../../../Engine/Content/VREditor/TransformGizmo/Main.uasset" 358
"../../../Engine/Content/VREditor/TransformGizmo/Xray.uasset" 359
"../../../Engine/Content/VREditor/TransformGizmo/SM_Sequencer_Key.uasset" 360
"../../../Engine/Content/VREditor/TransformGizmo/SM_Sequencer_Node.uasset" 361
"../../Plugins/2D/Paper2D/Content/PlaceholderTextures/DummySpriteTexture.uasset" 362
"../../Plugins/2D/Paper2D/Content/DummySprite.uasset" 363
"../../Plugins/2D/Paper2D/Content/DefaultPaperTerrainMaterial.uasset" 364
"../../Plugins/2D/Paper2D/Content/MaskedUnlitSpriteMaterial.uasset" 365
"../../Plugins/2D/Paper2D/Content/OpaqueUnlitSpriteMaterial.uasset" 366
"../../../Engine/Content/Functions/Engine_MaterialFunctions01/Texturing/FlattenNormal.uasset" 367
"../../../Engine/Content/EngineMaterials/FlatNormal.uasset" 368
"../../Plugins/Enterprise/DatasmithContent/Content/Materials/CE_BaseMaster.uasset" 369
"../../Plugins/Enterprise/DatasmithContent/Content/Materials/CE_OpacityMaster.uasset" 370
"../../Plugins/Enterprise/DatasmithContent/Content/Materials/CE_OpacitySimpleMaster.uasset" 371
"../../Plugins/Enterprise/DatasmithContent/Content/Materials/CE_OpaqueMaster.uasset" 372
"../../../Engine/Content/Functions/Engine_MaterialFunctions01/Texturing/ComputeMipLevel.uasset" 373
"../../../Engine/Content/Functions/Engine_MaterialFunctions01/Texturing/TextureCropping.uasset" 374
"../../../Engine/Content/Functions/Engine_MaterialFunctions02/Utility/BreakOutFloat3Components.uasset" 375
"../../../Engine/Content/Functions/Engine_MaterialFunctions02/ExampleContent/DebugNumberStrip.uasset" 376
"../../../Engine/Content/Functions/Engine_MaterialFunctions02/ExampleContent/Textures/DebugNumberPeriod.uasset" 377
"../../../Engine/Content/Functions/Engine_MaterialFunctions02/Utility/DebugScalarValues.uasset" 378
"../../../Engine/Content/Functions/Engine_MaterialFunctions02/Utility/DebugFloat3Values.uasset" 379
"../../../Engine/Content/Functions/Engine_MaterialFunctions02/Utility/MakeFloat3.uasset" 380
"../../../Engine/Content/Functions/Engine_MaterialFunctions02/Math/RGBtoHSV.uasset" 381
"../../../Engine/Content/Functions/Engine_MaterialFunctions02/Utility/BreakOutFloat4Components.uasset" 382
"../../../Engine/Content/Functions/Engine_MaterialFunctions02/Utility/DebugFloat4Values.uasset" 383
"../../Plugins/Enterprise/DatasmithContent/Content/Materials/Datasmith_Color.uasset" 384
"../../../Engine/Content/Functions/Engine_MaterialFunctions02/ExampleContent/Textures/flipbook.uasset" 385
"../../Plugins/Enterprise/DatasmithContent/Content/Materials/ExtractColor.uasset" 386
"../../Plugins/Enterprise/DatasmithContent/Content/Materials/TileMirrorAxis.uasset" 387
"../../../Engine/Content/Functions/Engine_MaterialFunctions02/Texturing/CustomRotator.uasset" 388
"../../Plugins/Enterprise/DatasmithContent/Content/Materials/UVEdit.uasset" 389
"../../Plugins/Enterprise/DatasmithContent/Content/Materials/Datasmith_Material.uasset" 390
"../../../Engine/Content/Functions/Engine_MaterialFunctions03/Procedurals/NormalFromHeightmap.uasset" 391
"../../../Engine/Content/ArtTools/RenderToTexture/Textures/127grey.uasset" 392
"../../Plugins/Enterprise/DatasmithContent/Content/Materials/RevitMaster.uasset" 393
"../../Plugins/Enterprise/DatasmithContent/Content/Materials/SketchUpMaster.uasset" 394
"../../Plugins/Enterprise/DatasmithContent/Content/Materials/FBXImporter/DeltaGenUVEdit.uasset" 395
"../../Plugins/Enterprise/DatasmithContent/Content/Materials/FBXImporter/DeltaGenBase.uasset" 396
"../../../Engine/Content/EngineMaterials/T_Default_Normal.uasset" 397
"../../Plugins/Enterprise/DatasmithContent/Content/Materials/FBXImporter/DeltaGenMaster.uasset" 398
"../../Plugins/Enterprise/DatasmithContent/Content/Materials/FBXImporter/DeltaGenMasterTransparent.uasset" 399
"../../Plugins/Enterprise/DatasmithContent/Content/Materials/FBXImporter/VREDUVEdit.uasset" 400
"../../Plugins/Enterprise/DatasmithContent/Content/Materials/FBXImporter/VREDBase.uasset" 401
"../../Plugins/Enterprise/DatasmithContent/Content/Materials/FBXImporter/VREDMaster.uasset" 402
"../../Plugins/Enterprise/DatasmithContent/Content/Materials/FBXImporter/VREDMasterTransparent.uasset" 403
"../../Plugins/Runtime/Oculus/OculusVR/Content/Materials/PokeAHoleMaterial.uasset" 404
"../../Plugins/Runtime/Oculus/OculusVR/Content/Textures/GearVRController_AO.uasset" 405
"../../Plugins/Runtime/Oculus/OculusVR/Content/Textures/GearVRController_Color.uasset" 406
"../../Plugins/Runtime/Oculus/OculusVR/Content/Textures/GearVRController_Normal.uasset" 407
"../../Plugins/Runtime/Oculus/OculusVR/Content/Materials/GearVRControllerMaterial.uasset" 408
"../../Plugins/Runtime/Oculus/OculusVR/Content/Meshes/GearVrController.uasset" 409
"../../Plugins/Runtime/Oculus/OculusVR/Content/Textures/touchController_albedo.uasset" 410
"../../Plugins/Runtime/Oculus/OculusVR/Content/Textures/touchController_controlmap.uasset" 411
"../../Plugins/Runtime/Oculus/OculusVR/Content/Materials/touchController_mat.uasset" 412
"../../Plugins/Runtime/Oculus/OculusVR/Content/Meshes/LeftTouchController.uasset" 413
"../../Plugins/Runtime/Oculus/OculusVR/Content/Meshes/RiftHMD.uasset" 414
"../../Plugins/Runtime/Oculus/OculusVR/Content/Meshes/RightTouchController.uasset" 415
"../../../Enterprise/Plugins/Editor/StaticMeshEditorExtension/Content/HoveredFaceMaterial.uasset" 416
"../../../Enterprise/Plugins/Editor/StaticMeshEditorExtension/Content/HoveredGeometryMaterial.uasset" 417
"../../../Enterprise/Plugins/Editor/StaticMeshEditorExtension/Content/WireWorldOffset.uasset" 418
"../../../Enterprise/Plugins/Editor/StaticMeshEditorExtension/Content/OverlayLineMaterial.uasset" 419
"../../../Enterprise/Plugins/Editor/StaticMeshEditorExtension/Content/OverlayPointMaterial.uasset" 420
"../../../Enterprise/Plugins/Editor/StaticMeshEditorExtension/Content/WireMaterial.uasset" 421
"../../../Enterprise/Plugins/Editor/StaticMeshEditorExtension/Content/WireMaterialBaseCage.uasset" 422
"../../../../../../Users/Games/Documents/GitHub/design-masterclass-l6_dmc_02/Game/Racing Game/RacingGame/Content/2DSideScrollerBP/background__cheerful_.uasset" 423
"../../../../../../Users/Games/Documents/GitHub/design-masterclass-l6_dmc_02/Game/Racing Game/RacingGame/Content/2DSideScrollerBP/2-1-02.uasset" 424
"../../../../../../Users/Games/Documents/GitHub/design-masterclass-l6_dmc_02/Game/Racing Game/RacingGame/Content/2DSideScrollerBP/3-1-03.uasset" 425
"../../../../../../Users/Games/Documents/GitHub/design-masterclass-l6_dmc_02/Game/Racing Game/RacingGame/Content/2DSideScrollerBP/menu-art-01.uasset" 426
"../../../../../../Users/Games/Documents/GitHub/design-masterclass-l6_dmc_02/Game/Racing Game/RacingGame/Content/2DSideScrollerBP/play-button-01.uasset" 427
"../../../../../../Users/Games/Documents/GitHub/design-masterclass-l6_dmc_02/Game/Racing Game/RacingGame/Content/2DSideScrollerBP/Vehicles/1-1-01.uasset" 428
"../../../../../../Users/Games/Documents/GitHub/design-masterclass-l6_dmc_02/Game/Racing Game/RacingGame/Content/2DSideScrollerBP/Vehicles/1-1-01_Sprite.uasset" 429
"../../../../../../Users/Games/Documents/GitHub/design-masterclass-l6_dmc_02/Game/Racing Game/RacingGame/Content/2DSideScrollerBP/MainMenuWidget.uasset" 430
"../../../../../../Users/Games/Documents/GitHub/design-masterclass-l6_dmc_02/Game/Racing Game/RacingGame/Content/2DSideScrollerBP/MainMenu.umap" 431
"../../../../../../Users/Games/Documents/GitHub/design-masterclass-l6_dmc_02/Game/Racing Game/RacingGame/Content/2DSideScrollerBP/Blueprints/2DSideScrollerCharacter.uasset" 432
"../../../Engine/Content/EditorBlueprintResources/StandardMacros.uasset" 433
"../../../../../../Users/Games/Documents/GitHub/design-masterclass-l6_dmc_02/Game/Racing Game/RacingGame/Content/2DSideScrollerBP/Blueprints/2DSideScrollerGameMode.uasset" 434
"../../../../../../Users/Games/Documents/GitHub/design-masterclass-l6_dmc_02/Game/Racing Game/RacingGame/Content/2DSideScrollerBP/digital-7__mono_.uasset" 435
"../../../../../../Users/Games/Documents/GitHub/design-masterclass-l6_dmc_02/Game/Racing Game/RacingGame/Content/2DSideScrollerBP/digital-7__mono__Font.uasset" 436
"../../../../../../Users/Games/Documents/GitHub/design-masterclass-l6_dmc_02/Game/Racing Game/RacingGame/Content/2DSideScrollerBP/1-1-03.uasset" 437
"../../../../../../Users/Games/Documents/GitHub/design-masterclass-l6_dmc_02/Game/Racing Game/RacingGame/Content/2DSideScrollerBP/3-1-01.uasset" 438
"../../../../../../Users/Games/Documents/GitHub/design-masterclass-l6_dmc_02/Game/Racing Game/RacingGame/Content/2DSideScrollerBP/Drivatars/Pig-01.uasset" 439
"../../../../../../Users/Games/Documents/GitHub/design-masterclass-l6_dmc_02/Game/Racing Game/RacingGame/Content/2DSideScrollerBP/Drivatars/Pig-01_Sprite.uasset" 440
"../../../../../../Users/Games/Documents/GitHub/design-masterclass-l6_dmc_02/Game/Racing Game/RacingGame/Content/2DSideScrollerBP/end-screen-art-02.uasset" 441
"../../../../../../Users/Games/Documents/GitHub/design-masterclass-l6_dmc_02/Game/Racing Game/RacingGame/Content/2DSideScrollerBP/finite-track-01.uasset" 442
"../../../../../../Users/Games/Documents/GitHub/design-masterclass-l6_dmc_02/Game/Racing Game/RacingGame/Content/2DSideScrollerBP/finite-track-01_Sprite.uasset" 443
"../../../../../../Users/Games/Documents/GitHub/design-masterclass-l6_dmc_02/Game/Racing Game/RacingGame/Content/2DSideScrollerBP/second-place-trophy-01.uasset" 444
"../../../../../../Users/Games/Documents/GitHub/design-masterclass-l6_dmc_02/Game/Racing Game/RacingGame/Content/2DSideScrollerBP/stopwatch-01.uasset" 445
"../../../../../../Users/Games/Documents/GitHub/design-masterclass-l6_dmc_02/Game/Racing Game/RacingGame/Content/2DSideScrollerBP/stopwatch-01_Sprite_0.uasset" 446
"../../../../../../Users/Games/Documents/GitHub/design-masterclass-l6_dmc_02/Game/Racing Game/RacingGame/Content/2DSideScrollerBP/trophy-01.uasset" 447
"../../../../../../Users/Games/Documents/GitHub/design-masterclass-l6_dmc_02/Game/Racing Game/RacingGame/Content/2DSideScrollerBP/Vehicles/answer-button-01.uasset" 448
"../../../../../../Users/Games/Documents/GitHub/design-masterclass-l6_dmc_02/Game/Racing Game/RacingGame/Content/2DSideScrollerBP/Vehicles/answer-button-01_Sprite.uasset" 449
"../../../../../../Users/Games/Documents/GitHub/design-masterclass-l6_dmc_02/Game/Racing Game/RacingGame/Content/2DSideScrollerBP/Racing.uasset" 450
"../../../../../../Users/Games/Documents/GitHub/design-masterclass-l6_dmc_02/Game/Racing Game/RacingGame/Content/2DSideScrollerBP/Maps/2DSideScrollerExampleMap_BuiltData.uasset" 451
"../../../Engine/Content/MapTemplates/Bokeh_5Sides.uasset" 452
"../../../Engine/Content/MapTemplates/T_ScreenDirt02_w.uasset" 453
"../../../../../../Users/Games/Documents/GitHub/design-masterclass-l6_dmc_02/Game/Racing Game/RacingGame/Content/2DSideScrollerBP/Maps/2DSideScrollerExampleMap.umap" 454
"../../../Engine/Content/Maps/Entry_BuiltData.uasset" 455
"../../../Engine/Content/Maps/Entry.umap" 456
